Using pre-set license
Built from '2021.1/release' branch; Version is '2021.1.0f1 (61a549675243) revision 6399305'; Using compiler version '192528614'; Build Type 'Release'
OS: 'Windows 10 Pro; OS build 19042.867; Version 2009; 64bit' Language: 'en' Physical Memory: 16336 MB
BatchMode: 1, IsHumanControllingUs: 0, StartBugReporterOnCrash: 0, Is64bit: 1, IsPro: 0

 COMMAND LINE ARGUMENTS:
C:\Program Files\Unity\Hub\Editor\2021.1.0f1\Editor\Unity.exe
-adb2
-batchMode
-noUpm
-name
AssetImportWorker0
-projectPath
D:/Projects/Unity/Raymarching
-logFile
Logs/AssetImportWorker0.log
-srvPort
59206
Successfully changed project path to: D:/Projects/Unity/Raymarching
D:/Projects/Unity/Raymarching
Using Asset Import Pipeline V2.
Unable to join player connection multicast group.

Refreshing native plugins compatible for Editor in 76.10 ms, found 1 plugins.
Preloading 0 native plugins for Editor in 0.00 ms.
Initialize engine version: 2021.1.0f1 (61a549675243)
[Subsystems] Discovering subsystems at path C:/Program Files/Unity/Hub/Editor/2021.1.0f1/Editor/Data/Resources/UnitySubsystems
[Subsystems] Discovering subsystems at path D:/Projects/Unity/Raymarching/Assets
GfxDevice: creating device client; threaded=0; jobified=0
Direct3D:
    Version:  Direct3D 11.0 [level 11.1]
    Renderer: NVIDIA GeForce GTX 1060 3GB (ID=0x1c02)
    Vendor:   NVIDIA
    VRAM:     2988 MB
    Driver:   27.21.14.6140
Initialize mono
Mono path[0] = 'C:/Program Files/Unity/Hub/Editor/2021.1.0f1/Editor/Data/Managed'
Mono path[1] = 'C:/Program Files/Unity/Hub/Editor/2021.1.0f1/Editor/Data/MonoBleedingEdge/lib/mono/unityjit'
Mono config path = 'C:/Program Files/Unity/Hub/Editor/2021.1.0f1/Editor/Data/MonoBleedingEdge/etc'
Using monoOptions --debugger-agent=transport=dt_socket,embedding=1,server=y,suspend=n,address=127.0.0.1:56488
Begin MonoManager ReloadAssembly
Registering precompiled unity dll's ...
Register platform support module: C:/Program Files/Unity/Hub/Editor/2021.1.0f1/Editor/Data/PlaybackEngines/WindowsStandaloneSupport/UnityEditor.WindowsStandalone.Extensions.dll
Registered in 0.001622 seconds.
Native extension for WindowsStandalone target not found
Refreshing native plugins compatible for Editor in 66.17 ms, found 1 plugins.
Preloading 0 native plugins for Editor in 0.00 ms.
Mono: successfully reloaded assembly
- Completed reload, in  1.628 seconds
Platform modules already initialized, skipping
Registering precompiled user dll's ...
Registered in 0.002667 seconds.
Begin MonoManager ReloadAssembly
Native extension for WindowsStandalone target not found
Refreshing native plugins compatible for Editor in 0.51 ms, found 1 plugins.
Preloading 0 native plugins for Editor in 0.00 ms.
Mono: successfully reloaded assembly
- Completed reload, in  0.897 seconds
Platform modules already initialized, skipping
========================================================================
Worker process is ready to serve import requests
Launched and connected shader compiler UnityShaderCompiler.exe after 0.03 seconds
Refreshing native plugins compatible for Editor in 0.38 ms, found 1 plugins.
Preloading 0 native plugins for Editor in 0.00 ms.
Unloading 2667 Unused Serialized files (Serialized files now loaded: 0)
System memory in use before: 98.3 MB.
System memory in use after: 98.5 MB.

Unloading 15 unused Assets to reduce memory usage. Loaded Objects now: 3118.
Total: 1.865300 ms (FindLiveObjects: 0.283700 ms CreateObjectMapping: 0.206900 ms MarkObjects: 1.312500 ms  DeleteObjects: 0.061300 ms)

========================================================================
Received Import Request.
  path: Assets/Raymarcher.compute
  artifactKey: Guid(fffd42f11f2cbee45b0fd9adb6de7d71) Importer(815301076,1909f56bfc062723c751e8b465ee728b)
Start importing Assets/Raymarcher.compute using Guid(fffd42f11f2cbee45b0fd9adb6de7d71) Importer(815301076,1909f56bfc062723c751e8b465ee728b)  -> (artifact id: '74cfc14cfb4b2b2db99575731306bc34') in 0.058834 seconds 
========================================================================
Received Prepare
Registering precompiled user dll's ...
Registered in 0.006884 seconds.
Begin MonoManager ReloadAssembly
Native extension for WindowsStandalone target not found
Refreshing native plugins compatible for Editor in 0.65 ms, found 1 plugins.
Preloading 0 native plugins for Editor in 0.00 ms.
Mono: successfully reloaded assembly
- Completed reload, in  0.852 seconds
Platform modules already initialized, skipping
Refreshing native plugins compatible for Editor in 0.39 ms, found 1 plugins.
Preloading 0 native plugins for Editor in 0.00 ms.
Unloading 2662 Unused Serialized files (Serialized files now loaded: 0)
System memory in use before: 98.3 MB.
System memory in use after: 98.5 MB.

Unloading 10 unused Assets to reduce memory usage. Loaded Objects now: 3121.
Total: 1.808100 ms (FindLiveObjects: 0.221900 ms CreateObjectMapping: 0.144800 ms MarkObjects: 1.403500 ms  DeleteObjects: 0.037000 ms)

========================================================================
Received Import Request.
  Time since last request: 173.102302 seconds.
  path: Assets/Raymarcher.compute
  artifactKey: Guid(fffd42f11f2cbee45b0fd9adb6de7d71) Importer(815301076,1909f56bfc062723c751e8b465ee728b)
Start importing Assets/Raymarcher.compute using Guid(fffd42f11f2cbee45b0fd9adb6de7d71) Importer(815301076,1909f56bfc062723c751e8b465ee728b)  -> (artifact id: 'd80e74be25660c33141c1442a0e96af9') in 0.013557 seconds 
========================================================================
Received Prepare
Registering precompiled user dll's ...
Registered in 0.006003 seconds.
Begin MonoManager ReloadAssembly
Native extension for WindowsStandalone target not found
Refreshing native plugins compatible for Editor in 0.46 ms, found 1 plugins.
Preloading 0 native plugins for Editor in 0.00 ms.
Mono: successfully reloaded assembly
- Completed reload, in  0.750 seconds
Platform modules already initialized, skipping
Refreshing native plugins compatible for Editor in 0.40 ms, found 1 plugins.
Preloading 0 native plugins for Editor in 0.00 ms.
Unloading 2662 Unused Serialized files (Serialized files now loaded: 0)
System memory in use before: 98.3 MB.
System memory in use after: 98.5 MB.

Unloading 10 unused Assets to reduce memory usage. Loaded Objects now: 3124.
Total: 2.065700 ms (FindLiveObjects: 0.260000 ms CreateObjectMapping: 0.192700 ms MarkObjects: 1.571200 ms  DeleteObjects: 0.040300 ms)

========================================================================
Received Import Request.
  Time since last request: 91.103803 seconds.
  path: Assets/Raymarcher.compute
  artifactKey: Guid(fffd42f11f2cbee45b0fd9adb6de7d71) Importer(815301076,1909f56bfc062723c751e8b465ee728b)
Start importing Assets/Raymarcher.compute using Guid(fffd42f11f2cbee45b0fd9adb6de7d71) Importer(815301076,1909f56bfc062723c751e8b465ee728b)  -> (artifact id: 'b7fbe2fe8ed1b304b1740415730de2da') in 0.010023 seconds 
========================================================================
Received Import Request.
  Time since last request: 151.490842 seconds.
  path: Assets/Raymarcher.compute
  artifactKey: Guid(fffd42f11f2cbee45b0fd9adb6de7d71) Importer(815301076,1909f56bfc062723c751e8b465ee728b)
Start importing Assets/Raymarcher.compute using Guid(fffd42f11f2cbee45b0fd9adb6de7d71) Importer(815301076,1909f56bfc062723c751e8b465ee728b)  -> (artifact id: '9bbb8a4fbbee8bb9a655395b03e7e740') in 0.003335 seconds 
========================================================================
Received Import Request.
  Time since last request: 113.316205 seconds.
  path: Assets/Raymarcher.compute
  artifactKey: Guid(fffd42f11f2cbee45b0fd9adb6de7d71) Importer(815301076,1909f56bfc062723c751e8b465ee728b)
Start importing Assets/Raymarcher.compute using Guid(fffd42f11f2cbee45b0fd9adb6de7d71) Importer(815301076,1909f56bfc062723c751e8b465ee728b)  -> (artifact id: '57d72ed51271cb77a12c990558a08a73') in 0.011502 seconds 
========================================================================
Received Prepare
Registering precompiled user dll's ...
Registered in 0.002948 seconds.
Begin MonoManager ReloadAssembly
Native extension for WindowsStandalone target not found
Refreshing native plugins compatible for Editor in 0.40 ms, found 1 plugins.
Preloading 0 native plugins for Editor in 0.00 ms.
Mono: successfully reloaded assembly
- Completed reload, in  0.786 seconds
Platform modules already initialized, skipping
Refreshing native plugins compatible for Editor in 0.67 ms, found 1 plugins.
Preloading 0 native plugins for Editor in 0.00 ms.
Unloading 2662 Unused Serialized files (Serialized files now loaded: 0)
System memory in use before: 98.4 MB.
System memory in use after: 98.6 MB.

Unloading 10 unused Assets to reduce memory usage. Loaded Objects now: 3127.
Total: 3.245800 ms (FindLiveObjects: 0.424800 ms CreateObjectMapping: 0.317000 ms MarkObjects: 2.435300 ms  DeleteObjects: 0.066500 ms)

========================================================================
Received Import Request.
  Time since last request: 57.330474 seconds.
  path: Assets/Raymarcher.compute
  artifactKey: Guid(fffd42f11f2cbee45b0fd9adb6de7d71) Importer(815301076,1909f56bfc062723c751e8b465ee728b)
Start importing Assets/Raymarcher.compute using Guid(fffd42f11f2cbee45b0fd9adb6de7d71) Importer(815301076,1909f56bfc062723c751e8b465ee728b)  -> (artifact id: '2be1507952f744a0c4532668fe00b99a') in 0.019089 seconds 
========================================================================
Received Prepare
Registering precompiled user dll's ...
Registered in 0.002485 seconds.
Begin MonoManager ReloadAssembly
Native extension for WindowsStandalone target not found
Refreshing native plugins compatible for Editor in 0.39 ms, found 1 plugins.
Preloading 0 native plugins for Editor in 0.00 ms.
Mono: successfully reloaded assembly
- Completed reload, in  0.730 seconds
Platform modules already initialized, skipping
Refreshing native plugins compatible for Editor in 0.40 ms, found 1 plugins.
Preloading 0 native plugins for Editor in 0.00 ms.
Unloading 2662 Unused Serialized files (Serialized files now loaded: 0)
System memory in use before: 98.4 MB.
System memory in use after: 98.6 MB.

Unloading 10 unused Assets to reduce memory usage. Loaded Objects now: 3130.
Total: 1.738700 ms (FindLiveObjects: 0.210900 ms CreateObjectMapping: 0.141200 ms MarkObjects: 1.338400 ms  DeleteObjects: 0.047000 ms)

========================================================================
Received Import Request.
  Time since last request: 51.984365 seconds.
  path: Assets/Raymarcher.compute
  artifactKey: Guid(fffd42f11f2cbee45b0fd9adb6de7d71) Importer(815301076,1909f56bfc062723c751e8b465ee728b)
Start importing Assets/Raymarcher.compute using Guid(fffd42f11f2cbee45b0fd9adb6de7d71) Importer(815301076,1909f56bfc062723c751e8b465ee728b)  -> (artifact id: 'cde3d2a5abb8d4bb0ebc5f856454defe') in 0.009479 seconds 
========================================================================
Received Prepare
Registering precompiled user dll's ...
Registered in 0.002725 seconds.
Begin MonoManager ReloadAssembly
Native extension for WindowsStandalone target not found
Refreshing native plugins compatible for Editor in 0.39 ms, found 1 plugins.
Preloading 0 native plugins for Editor in 0.00 ms.
Mono: successfully reloaded assembly
- Completed reload, in  0.873 seconds
Platform modules already initialized, skipping
Refreshing native plugins compatible for Editor in 0.38 ms, found 1 plugins.
Preloading 0 native plugins for Editor in 0.00 ms.
Unloading 2662 Unused Serialized files (Serialized files now loaded: 0)
System memory in use before: 98.4 MB.
System memory in use after: 98.6 MB.

Unloading 10 unused Assets to reduce memory usage. Loaded Objects now: 3133.
Total: 1.720200 ms (FindLiveObjects: 0.209800 ms CreateObjectMapping: 0.150400 ms MarkObjects: 1.320300 ms  DeleteObjects: 0.039000 ms)

========================================================================
Received Import Request.
  Time since last request: 101.485684 seconds.
  path: Assets/Raymarcher.compute
  artifactKey: Guid(fffd42f11f2cbee45b0fd9adb6de7d71) Importer(815301076,1909f56bfc062723c751e8b465ee728b)
Start importing Assets/Raymarcher.compute using Guid(fffd42f11f2cbee45b0fd9adb6de7d71) Importer(815301076,1909f56bfc062723c751e8b465ee728b)  -> (artifact id: 'd9a5204eaebdc5887dbfc2988124f61b') in 0.009590 seconds 
========================================================================
Received Prepare
Registering precompiled user dll's ...
Registered in 0.003377 seconds.
Begin MonoManager ReloadAssembly
Native extension for WindowsStandalone target not found
Refreshing native plugins compatible for Editor in 0.40 ms, found 1 plugins.
Preloading 0 native plugins for Editor in 0.00 ms.
Mono: successfully reloaded assembly
- Completed reload, in  0.747 seconds
Platform modules already initialized, skipping
Refreshing native plugins compatible for Editor in 0.40 ms, found 1 plugins.
Preloading 0 native plugins for Editor in 0.00 ms.
Unloading 2662 Unused Serialized files (Serialized files now loaded: 0)
System memory in use before: 98.4 MB.
System memory in use after: 98.6 MB.

Unloading 10 unused Assets to reduce memory usage. Loaded Objects now: 3136.
Total: 1.837000 ms (FindLiveObjects: 0.228200 ms CreateObjectMapping: 0.156300 ms MarkObjects: 1.414000 ms  DeleteObjects: 0.037600 ms)

========================================================================
Received Prepare
Registering precompiled user dll's ...
Registered in 0.002867 seconds.
Begin MonoManager ReloadAssembly
Native extension for WindowsStandalone target not found
Refreshing native plugins compatible for Editor in 0.55 ms, found 1 plugins.
Preloading 0 native plugins for Editor in 0.00 ms.
Mono: successfully reloaded assembly
- Completed reload, in  0.831 seconds
Platform modules already initialized, skipping
Refreshing native plugins compatible for Editor in 0.42 ms, found 1 plugins.
Preloading 0 native plugins for Editor in 0.00 ms.
Unloading 2662 Unused Serialized files (Serialized files now loaded: 0)
System memory in use before: 98.4 MB.
System memory in use after: 98.6 MB.

Unloading 10 unused Assets to reduce memory usage. Loaded Objects now: 3139.
Total: 2.181900 ms (FindLiveObjects: 0.310200 ms CreateObjectMapping: 0.221200 ms MarkObjects: 1.610000 ms  DeleteObjects: 0.039400 ms)

========================================================================
Received Import Request.
  Time since last request: 631.082844 seconds.
  path: Assets/Raymarcher.compute
  artifactKey: Guid(fffd42f11f2cbee45b0fd9adb6de7d71) Importer(815301076,1909f56bfc062723c751e8b465ee728b)
Start importing Assets/Raymarcher.compute using Guid(fffd42f11f2cbee45b0fd9adb6de7d71) Importer(815301076,1909f56bfc062723c751e8b465ee728b)  -> (artifact id: '5422047926d8499b58c42c8b8bac302d') in 0.016077 seconds 
========================================================================
Received Import Request.
  Time since last request: 18.812860 seconds.
  path: Assets/Raymarcher.compute
  artifactKey: Guid(fffd42f11f2cbee45b0fd9adb6de7d71) Importer(815301076,1909f56bfc062723c751e8b465ee728b)
Start importing Assets/Raymarcher.compute using Guid(fffd42f11f2cbee45b0fd9adb6de7d71) Importer(815301076,1909f56bfc062723c751e8b465ee728b)  -> (artifact id: '6286b590d6331f4a96287a715c0cd185') in 0.006302 seconds 
========================================================================
Received Prepare
Registering precompiled user dll's ...
Registered in 0.002693 seconds.
Begin MonoManager ReloadAssembly
Native extension for WindowsStandalone target not found
Refreshing native plugins compatible for Editor in 0.39 ms, found 1 plugins.
Preloading 0 native plugins for Editor in 0.00 ms.
Mono: successfully reloaded assembly
- Completed reload, in  0.781 seconds
Platform modules already initialized, skipping
Refreshing native plugins compatible for Editor in 0.38 ms, found 1 plugins.
Preloading 0 native plugins for Editor in 0.00 ms.
Unloading 2662 Unused Serialized files (Serialized files now loaded: 0)
System memory in use before: 98.4 MB.
System memory in use after: 98.6 MB.

Unloading 10 unused Assets to reduce memory usage. Loaded Objects now: 3142.
Total: 1.677800 ms (FindLiveObjects: 0.205500 ms CreateObjectMapping: 0.153900 ms MarkObjects: 1.280600 ms  DeleteObjects: 0.037100 ms)

AssetImportWorkerClient::OnTransportError - code=2 error=End of file
