Using pre-set license
Built from '2021.1/release' branch; Version is '2021.1.0f1 (61a549675243) revision 6399305'; Using compiler version '192528614'; Build Type 'Release'
OS: 'Windows 10 Pro; OS build 19042.867; Version 2009; 64bit' Language: 'en' Physical Memory: 16336 MB
BatchMode: 1, IsHumanControllingUs: 0, StartBugReporterOnCrash: 0, Is64bit: 1, IsPro: 0

 COMMAND LINE ARGUMENTS:
C:\Program Files\Unity\Hub\Editor\2021.1.0f1\Editor\Unity.exe
-adb2
-batchMode
-noUpm
-name
AssetImportWorker0
-projectPath
D:/Projects/Unity/CellularAutomata
-logFile
Logs/AssetImportWorker0.log
-srvPort
62519
Successfully changed project path to: D:/Projects/Unity/CellularAutomata
D:/Projects/Unity/CellularAutomata
Using Asset Import Pipeline V2.
Unable to join player connection multicast group.

Refreshing native plugins compatible for Editor in 76.19 ms, found 2 plugins.
Preloading 0 native plugins for Editor in 0.00 ms.
Initialize engine version: 2021.1.0f1 (61a549675243)
[Subsystems] Discovering subsystems at path C:/Program Files/Unity/Hub/Editor/2021.1.0f1/Editor/Data/Resources/UnitySubsystems
[Subsystems] Discovering subsystems at path D:/Projects/Unity/CellularAutomata/Assets
GfxDevice: creating device client; threaded=0; jobified=0
Direct3D:
    Version:  Direct3D 11.0 [level 11.1]
    Renderer: NVIDIA GeForce GTX 1060 3GB (ID=0x1c02)
    Vendor:   NVIDIA
    VRAM:     2988 MB
    Driver:   27.21.14.6140
Initialize mono
Mono path[0] = 'C:/Program Files/Unity/Hub/Editor/2021.1.0f1/Editor/Data/Managed'
Mono path[1] = 'C:/Program Files/Unity/Hub/Editor/2021.1.0f1/Editor/Data/MonoBleedingEdge/lib/mono/unityjit'
Mono config path = 'C:/Program Files/Unity/Hub/Editor/2021.1.0f1/Editor/Data/MonoBleedingEdge/etc'
Using monoOptions --debugger-agent=transport=dt_socket,embedding=1,server=y,suspend=n,address=127.0.0.1:56576
Begin MonoManager ReloadAssembly
Registering precompiled unity dll's ...
Register platform support module: C:/Program Files/Unity/Hub/Editor/2021.1.0f1/Editor/Data/PlaybackEngines/WindowsStandaloneSupport/UnityEditor.WindowsStandalone.Extensions.dll
Registered in 0.001556 seconds.
Native extension for WindowsStandalone target not found
Refreshing native plugins compatible for Editor in 77.78 ms, found 2 plugins.
Preloading 0 native plugins for Editor in 0.00 ms.
Mono: successfully reloaded assembly
- Completed reload, in  1.458 seconds
Platform modules already initialized, skipping
Registering precompiled user dll's ...
Registered in 0.002805 seconds.
Begin MonoManager ReloadAssembly
Native extension for WindowsStandalone target not found
Refreshing native plugins compatible for Editor in 77.43 ms, found 2 plugins.
Preloading 0 native plugins for Editor in 0.00 ms.
Mono: successfully reloaded assembly
- Completed reload, in  0.940 seconds
Platform modules already initialized, skipping
========================================================================
Worker process is ready to serve import requests
Launched and connected shader compiler UnityShaderCompiler.exe after 0.05 seconds
Refreshing native plugins compatible for Editor in 0.49 ms, found 2 plugins.
Preloading 0 native plugins for Editor in 0.00 ms.
Unloading 3365 Unused Serialized files (Serialized files now loaded: 0)
System memory in use before: 127.5 MB.
System memory in use after: 127.6 MB.

Unloading 29 unused Assets to reduce memory usage. Loaded Objects now: 3816.
Total: 2.517300 ms (FindLiveObjects: 0.330900 ms CreateObjectMapping: 0.250600 ms MarkObjects: 1.830800 ms  DeleteObjects: 0.104000 ms)

========================================================================
Received Import Request.
  path: Assets
  artifactKey: Guid(00000000000000001000000000000000) Importer(815301076,1909f56bfc062723c751e8b465ee728b)
Start importing Assets using Guid(00000000000000001000000000000000) Importer(815301076,1909f56bfc062723c751e8b465ee728b)  -> (artifact id: 'c1e3b0d4d28e3570eb9237b2a8027d38') in 0.007765 seconds 
========================================================================
Received Import Request.
  Time since last request: 1.066721 seconds.
  path: Assets/RaymarchShape.cs
  artifactKey: Guid(dbbb39adde304904e81f5193ddd718bb) Importer(815301076,1909f56bfc062723c751e8b465ee728b)
Start importing Assets/RaymarchShape.cs using Guid(dbbb39adde304904e81f5193ddd718bb) Importer(815301076,1909f56bfc062723c751e8b465ee728b)  -> (artifact id: '2652c35c9345ffc5b4eb22cf54374141') in 0.033266 seconds 
========================================================================
Received Prepare
Registering precompiled user dll's ...
Registered in 0.002677 seconds.
Begin MonoManager ReloadAssembly
Native extension for WindowsStandalone target not found
Refreshing native plugins compatible for Editor in 0.51 ms, found 2 plugins.
Preloading 0 native plugins for Editor in 0.00 ms.
Mono: successfully reloaded assembly
- Completed reload, in  0.814 seconds
Platform modules already initialized, skipping
Refreshing native plugins compatible for Editor in 0.77 ms, found 2 plugins.
Preloading 0 native plugins for Editor in 0.00 ms.
Unloading 3361 Unused Serialized files (Serialized files now loaded: 0)
System memory in use before: 127.6 MB.
System memory in use after: 127.7 MB.

Unloading 17 unused Assets to reduce memory usage. Loaded Objects now: 3821.
Total: 2.666700 ms (FindLiveObjects: 0.363200 ms CreateObjectMapping: 0.229400 ms MarkObjects: 1.992600 ms  DeleteObjects: 0.079900 ms)

========================================================================
Received Import Request.
  Time since last request: 9.347813 seconds.
  path: Assets/RaymarchManager.cs
  artifactKey: Guid(4c9792e054d491a4a88fdea3801bc069) Importer(815301076,1909f56bfc062723c751e8b465ee728b)
Start importing Assets/RaymarchManager.cs using Guid(4c9792e054d491a4a88fdea3801bc069) Importer(815301076,1909f56bfc062723c751e8b465ee728b)  -> (artifact id: '52218061a6df9a26e0700bd6ce6d7e41') in 0.009990 seconds 
========================================================================
Received Prepare
Registering precompiled user dll's ...
Registered in 0.002906 seconds.
Begin MonoManager ReloadAssembly
Native extension for WindowsStandalone target not found
Refreshing native plugins compatible for Editor in 1.08 ms, found 2 plugins.
Preloading 0 native plugins for Editor in 0.00 ms.
Mono: successfully reloaded assembly
- Completed reload, in  1.403 seconds
Platform modules already initialized, skipping
Refreshing native plugins compatible for Editor in 0.75 ms, found 2 plugins.
Preloading 0 native plugins for Editor in 0.00 ms.
Unloading 3362 Unused Serialized files (Serialized files now loaded: 0)
System memory in use before: 127.7 MB.
System memory in use after: 127.8 MB.

Unloading 17 unused Assets to reduce memory usage. Loaded Objects now: 3826.
Total: 3.560100 ms (FindLiveObjects: 1.063300 ms CreateObjectMapping: 0.362600 ms MarkObjects: 2.046100 ms  DeleteObjects: 0.086500 ms)

========================================================================
Received Prepare
Registering precompiled user dll's ...
Registered in 0.002714 seconds.
Begin MonoManager ReloadAssembly
Native extension for WindowsStandalone target not found
Refreshing native plugins compatible for Editor in 0.57 ms, found 2 plugins.
Preloading 0 native plugins for Editor in 0.00 ms.
Mono: successfully reloaded assembly
- Completed reload, in  0.843 seconds
Platform modules already initialized, skipping
Refreshing native plugins compatible for Editor in 0.92 ms, found 2 plugins.
Preloading 0 native plugins for Editor in 0.00 ms.
Unloading 3362 Unused Serialized files (Serialized files now loaded: 0)
System memory in use before: 127.7 MB.
System memory in use after: 127.8 MB.

Unloading 17 unused Assets to reduce memory usage. Loaded Objects now: 3830.
Total: 3.164400 ms (FindLiveObjects: 0.459300 ms CreateObjectMapping: 0.340000 ms MarkObjects: 2.276800 ms  DeleteObjects: 0.086600 ms)

========================================================================
Received Import Request.
  Time since last request: 62.471288 seconds.
  path: Assets/RaymarchShape.cs
  artifactKey: Guid(dbbb39adde304904e81f5193ddd718bb) Importer(815301076,1909f56bfc062723c751e8b465ee728b)
Start importing Assets/RaymarchShape.cs using Guid(dbbb39adde304904e81f5193ddd718bb) Importer(815301076,1909f56bfc062723c751e8b465ee728b)  -> (artifact id: 'ec151885047a0eb3bcfd4c1b10dc4358') in 0.014597 seconds 
========================================================================
Received Prepare
Registering precompiled user dll's ...
Registered in 0.003024 seconds.
Begin MonoManager ReloadAssembly
Native extension for WindowsStandalone target not found
Refreshing native plugins compatible for Editor in 0.52 ms, found 2 plugins.
Preloading 0 native plugins for Editor in 0.00 ms.
Mono: successfully reloaded assembly
- Completed reload, in  0.824 seconds
Platform modules already initialized, skipping
Refreshing native plugins compatible for Editor in 1.22 ms, found 2 plugins.
Preloading 0 native plugins for Editor in 0.00 ms.
Unloading 3362 Unused Serialized files (Serialized files now loaded: 0)
System memory in use before: 127.7 MB.
System memory in use after: 127.8 MB.

Unloading 17 unused Assets to reduce memory usage. Loaded Objects now: 3834.
Total: 2.595600 ms (FindLiveObjects: 0.263300 ms CreateObjectMapping: 0.225100 ms MarkObjects: 2.012000 ms  DeleteObjects: 0.094000 ms)

========================================================================
Received Import Request.
  Time since last request: 139.227879 seconds.
  path: Assets/RaymarchManager.cs
  artifactKey: Guid(4c9792e054d491a4a88fdea3801bc069) Importer(815301076,1909f56bfc062723c751e8b465ee728b)
Start importing Assets/RaymarchManager.cs using Guid(4c9792e054d491a4a88fdea3801bc069) Importer(815301076,1909f56bfc062723c751e8b465ee728b)  -> (artifact id: 'abe2be87665cd40f955fecec33fda863') in 0.005888 seconds 
========================================================================
Received Import Request.
  Time since last request: 31.939666 seconds.
  path: Assets/Raymarching.shader
  artifactKey: Guid(71ea3dadb90cc1445948f5321a634df0) Importer(815301076,1909f56bfc062723c751e8b465ee728b)
Start importing Assets/Raymarching.shader using Guid(71ea3dadb90cc1445948f5321a634df0) Importer(815301076,1909f56bfc062723c751e8b465ee728b)  -> (artifact id: '04f9b2e1420badacfa7b11ff196967d9') in 0.017184 seconds 
========================================================================
Received Import Request.
  Time since last request: 50.406198 seconds.
  path: Assets/Raymarcher.shader
  artifactKey: Guid(37344b3f3e1b95a448a03468e7cd368d) Importer(815301076,1909f56bfc062723c751e8b465ee728b)
Start importing Assets/Raymarcher.shader using Guid(37344b3f3e1b95a448a03468e7cd368d) Importer(815301076,1909f56bfc062723c751e8b465ee728b)  -> (artifact id: 'e542176f8455e844ed441ec4e778b29d') in 0.006816 seconds 
========================================================================
Received Import Request.
  Time since last request: 585.052173 seconds.
  path: Assets/Raymarcher.shader
  artifactKey: Guid(37344b3f3e1b95a448a03468e7cd368d) Importer(815301076,1909f56bfc062723c751e8b465ee728b)
Start importing Assets/Raymarcher.shader using Guid(37344b3f3e1b95a448a03468e7cd368d) Importer(815301076,1909f56bfc062723c751e8b465ee728b)  -> (artifact id: '7a2ca16e15b1ef235e27a8a821372d9b') in 0.003457 seconds 
========================================================================
Received Import Request.
  Time since last request: 106.363698 seconds.
  path: Assets/Raymarcher.mat
  artifactKey: Guid(95715eb9cc6c4b14ab47b15ddf159640) Importer(815301076,1909f56bfc062723c751e8b465ee728b)
Start importing Assets/Raymarcher.mat using Guid(95715eb9cc6c4b14ab47b15ddf159640) Importer(815301076,1909f56bfc062723c751e8b465ee728b)  -> (artifact id: 'e81a553c88b1be7c2646ab798a94d333') in 0.097237 seconds 
========================================================================
Received Import Request.
  Time since last request: 889.477556 seconds.
  path: Assets/Raymarcher.mat
  artifactKey: Guid(95715eb9cc6c4b14ab47b15ddf159640) Importer(815301076,1909f56bfc062723c751e8b465ee728b)
Start importing Assets/Raymarcher.mat using Guid(95715eb9cc6c4b14ab47b15ddf159640) Importer(815301076,1909f56bfc062723c751e8b465ee728b)  -> (artifact id: 'b2719fd9b45309f51f3f1afedf642934') in 0.012267 seconds 
AssetImportWorkerClient::OnTransportError - code=2 error=End of file
