Using pre-set license
Built from '2021.1/release' branch; Version is '2021.1.4f1 (4cd64a618c1b) revision 5035594'; Using compiler version '192528614'; Build Type 'Release'
OS: 'Windows 10 Pro; OS build 19042.985; Version 2009; 64bit' Language: 'en' Physical Memory: 16336 MB
BatchMode: 1, IsHumanControllingUs: 0, StartBugReporterOnCrash: 0, Is64bit: 1, IsPro: 0

 COMMAND LINE ARGUMENTS:
C:\Program Files\Unity\Hub\Editor\2021.1.4f1\Editor\Unity.exe
-adb2
-batchMode
-noUpm
-name
AssetImportWorker0
-projectPath
D:/Projects/Unity/yugiah
-logFile
Logs/AssetImportWorker0.log
-srvPort
56355
Successfully changed project path to: D:/Projects/Unity/yugiah
D:/Projects/Unity/yugiah
Using Asset Import Pipeline V2.
Refreshing native plugins compatible for Editor in 91.08 ms, found 2 plugins.
Preloading 0 native plugins for Editor in 0.00 ms.
Initialize engine version: 2021.1.4f1 (4cd64a618c1b)
[Subsystems] Discovering subsystems at path C:/Program Files/Unity/Hub/Editor/2021.1.4f1/Editor/Data/Resources/UnitySubsystems
[Subsystems] Discovering subsystems at path D:/Projects/Unity/yugiah/Assets
GfxDevice: creating device client; threaded=0; jobified=0
Direct3D:
    Version:  Direct3D 11.0 [level 11.1]
    Renderer: NVIDIA GeForce GTX 1060 3GB (ID=0x1c02)
    Vendor:   NVIDIA
    VRAM:     2988 MB
    Driver:   27.21.14.6140
Initialize mono
Mono path[0] = 'C:/Program Files/Unity/Hub/Editor/2021.1.4f1/Editor/Data/Managed'
Mono path[1] = 'C:/Program Files/Unity/Hub/Editor/2021.1.4f1/Editor/Data/MonoBleedingEdge/lib/mono/unityjit'
Mono config path = 'C:/Program Files/Unity/Hub/Editor/2021.1.4f1/Editor/Data/MonoBleedingEdge/etc'
Using monoOptions --debugger-agent=transport=dt_socket,embedding=1,server=y,suspend=n,address=127.0.0.1:56692
Begin MonoManager ReloadAssembly
Registering precompiled unity dll's ...
Register platform support module: C:/Program Files/Unity/Hub/Editor/2021.1.4f1/Editor/Data/PlaybackEngines/WindowsStandaloneSupport/UnityEditor.WindowsStandalone.Extensions.dll
Registered in 0.001598 seconds.
Native extension for WindowsStandalone target not found
Refreshing native plugins compatible for Editor in 86.02 ms, found 2 plugins.
Preloading 0 native plugins for Editor in 0.00 ms.
Mono: successfully reloaded assembly
- Completed reload, in  1.637 seconds
Platform modules already initialized, skipping
Registering precompiled user dll's ...
Registered in 0.002721 seconds.
Begin MonoManager ReloadAssembly
Native extension for WindowsStandalone target not found
Refreshing native plugins compatible for Editor in 91.71 ms, found 2 plugins.
Preloading 0 native plugins for Editor in 0.00 ms.
Mono: successfully reloaded assembly
- Completed reload, in  0.994 seconds
Platform modules already initialized, skipping
========================================================================
Worker process is ready to serve import requests
Launched and connected shader compiler UnityShaderCompiler.exe after 0.03 seconds
Refreshing native plugins compatible for Editor in 0.50 ms, found 2 plugins.
Preloading 0 native plugins for Editor in 0.00 ms.
Unloading 3371 Unused Serialized files (Serialized files now loaded: 0)
System memory in use before: 127.9 MB.
System memory in use after: 128.0 MB.

Unloading 29 unused Assets to reduce memory usage. Loaded Objects now: 3824.
Total: 2.399600 ms (FindLiveObjects: 0.233200 ms CreateObjectMapping: 0.164900 ms MarkObjects: 1.898000 ms  DeleteObjects: 0.102700 ms)

========================================================================
Received Import Request.
  path: Assets/Card.prefab
  artifactKey: Guid(9419a33ae1681e847943bf5a304c779e) Importer(815301076,1909f56bfc062723c751e8b465ee728b)
Start importing Assets/Card.prefab using Guid(9419a33ae1681e847943bf5a304c779e) Importer(815301076,1909f56bfc062723c751e8b465ee728b)  -> (artifact id: '405936b3bebfbf28d617b1948e3647f9') in 0.066858 seconds 
========================================================================
Received Prepare
Registering precompiled user dll's ...
Registered in 0.003249 seconds.
Begin MonoManager ReloadAssembly
Native extension for WindowsStandalone target not found
Refreshing native plugins compatible for Editor in 0.54 ms, found 2 plugins.
Preloading 0 native plugins for Editor in 0.00 ms.
Mono: successfully reloaded assembly
- Completed reload, in  0.876 seconds
Platform modules already initialized, skipping
Refreshing native plugins compatible for Editor in 0.54 ms, found 2 plugins.
Preloading 0 native plugins for Editor in 0.00 ms.
Unloading 3366 Unused Serialized files (Serialized files now loaded: 0)
System memory in use before: 128.0 MB.
System memory in use after: 128.1 MB.

Unloading 17 unused Assets to reduce memory usage. Loaded Objects now: 3828.
Total: 2.398600 ms (FindLiveObjects: 0.356100 ms CreateObjectMapping: 0.193000 ms MarkObjects: 1.760600 ms  DeleteObjects: 0.087500 ms)

========================================================================
Received Prepare
Registering precompiled user dll's ...
Registered in 0.002595 seconds.
Begin MonoManager ReloadAssembly
Native extension for WindowsStandalone target not found
Refreshing native plugins compatible for Editor in 0.54 ms, found 2 plugins.
Preloading 0 native plugins for Editor in 0.00 ms.
Mono: successfully reloaded assembly
- Completed reload, in  0.878 seconds
Platform modules already initialized, skipping
Refreshing native plugins compatible for Editor in 0.81 ms, found 2 plugins.
Preloading 0 native plugins for Editor in 0.00 ms.
Unloading 3366 Unused Serialized files (Serialized files now loaded: 0)
System memory in use before: 128.0 MB.
System memory in use after: 128.1 MB.

Unloading 17 unused Assets to reduce memory usage. Loaded Objects now: 3832.
Total: 2.236300 ms (FindLiveObjects: 0.232200 ms CreateObjectMapping: 0.170900 ms MarkObjects: 1.748800 ms  DeleteObjects: 0.083700 ms)

========================================================================
Received Import Request.
  Time since last request: 169.770322 seconds.
  path: Assets/CardSlot.prefab
  artifactKey: Guid(9419a33ae1681e847943bf5a304c779e) Importer(815301076,1909f56bfc062723c751e8b465ee728b)
Start importing Assets/CardSlot.prefab using Guid(9419a33ae1681e847943bf5a304c779e) Importer(815301076,1909f56bfc062723c751e8b465ee728b)  -> (artifact id: 'a0d7b1ab33e57ea08f07aebf44948094') in 0.025206 seconds 
========================================================================
Received Import Request.
  Time since last request: 93.026707 seconds.
  path: Assets
  artifactKey: Guid(00000000000000001000000000000000) Importer(815301076,1909f56bfc062723c751e8b465ee728b)
Start importing Assets using Guid(00000000000000001000000000000000) Importer(815301076,1909f56bfc062723c751e8b465ee728b)  -> (artifact id: '9222b99937b918022a9cc33b6e833563') in 0.001510 seconds 
========================================================================
Received Import Request.
  Time since last request: 2.183044 seconds.
  path: Assets/CardSlot.cs
  artifactKey: Guid(f520f36275d8e79478abea6a75f6c1f9) Importer(815301076,1909f56bfc062723c751e8b465ee728b)
Start importing Assets/CardSlot.cs using Guid(f520f36275d8e79478abea6a75f6c1f9) Importer(815301076,1909f56bfc062723c751e8b465ee728b)  -> (artifact id: '71f6b6733c0966bdbe22a991a3fafb40') in 0.026087 seconds 
========================================================================
Received Prepare
Registering precompiled user dll's ...
Registered in 0.002592 seconds.
Begin MonoManager ReloadAssembly
Native extension for WindowsStandalone target not found
Refreshing native plugins compatible for Editor in 0.53 ms, found 2 plugins.
Preloading 0 native plugins for Editor in 0.00 ms.
Mono: successfully reloaded assembly
- Completed reload, in  0.871 seconds
Platform modules already initialized, skipping
Refreshing native plugins compatible for Editor in 0.54 ms, found 2 plugins.
Preloading 0 native plugins for Editor in 0.00 ms.
Unloading 3367 Unused Serialized files (Serialized files now loaded: 0)
System memory in use before: 128.1 MB.
System memory in use after: 128.2 MB.

Unloading 17 unused Assets to reduce memory usage. Loaded Objects now: 3837.
Total: 2.028600 ms (FindLiveObjects: 0.236900 ms CreateObjectMapping: 0.173600 ms MarkObjects: 1.536400 ms  DeleteObjects: 0.080900 ms)

========================================================================
Received Prepare
Registering precompiled user dll's ...
Registered in 0.003119 seconds.
Begin MonoManager ReloadAssembly
Native extension for WindowsStandalone target not found
Refreshing native plugins compatible for Editor in 0.55 ms, found 2 plugins.
Preloading 0 native plugins for Editor in 0.00 ms.
Mono: successfully reloaded assembly
- Completed reload, in  0.880 seconds
Platform modules already initialized, skipping
Refreshing native plugins compatible for Editor in 0.55 ms, found 2 plugins.
Preloading 0 native plugins for Editor in 0.00 ms.
Unloading 3367 Unused Serialized files (Serialized files now loaded: 0)
System memory in use before: 128.1 MB.
System memory in use after: 128.2 MB.

Unloading 17 unused Assets to reduce memory usage. Loaded Objects now: 3841.
Total: 2.667500 ms (FindLiveObjects: 0.412000 ms CreateObjectMapping: 0.247600 ms MarkObjects: 1.905500 ms  DeleteObjects: 0.100400 ms)

========================================================================
Received Import Request.
  Time since last request: 110.914717 seconds.
  path: Assets/CardSlot.prefab
  artifactKey: Guid(9419a33ae1681e847943bf5a304c779e) Importer(815301076,1909f56bfc062723c751e8b465ee728b)
Start importing Assets/CardSlot.prefab using Guid(9419a33ae1681e847943bf5a304c779e) Importer(815301076,1909f56bfc062723c751e8b465ee728b)  -> (artifact id: '6de1c52e055602a137c7f83d352e69c2') in 0.028347 seconds 
========================================================================
Received Prepare
Registering precompiled user dll's ...
Registered in 0.002700 seconds.
Begin MonoManager ReloadAssembly
Native extension for WindowsStandalone target not found
Refreshing native plugins compatible for Editor in 0.58 ms, found 2 plugins.
Preloading 0 native plugins for Editor in 0.00 ms.
Mono: successfully reloaded assembly
- Completed reload, in  0.912 seconds
Platform modules already initialized, skipping
Refreshing native plugins compatible for Editor in 0.87 ms, found 2 plugins.
Preloading 0 native plugins for Editor in 0.00 ms.
Unloading 3367 Unused Serialized files (Serialized files now loaded: 0)
System memory in use before: 128.1 MB.
System memory in use after: 128.2 MB.

Unloading 17 unused Assets to reduce memory usage. Loaded Objects now: 3845.
Total: 2.263900 ms (FindLiveObjects: 0.241200 ms CreateObjectMapping: 0.189900 ms MarkObjects: 1.741800 ms  DeleteObjects: 0.090300 ms)

========================================================================
Received Prepare
Registering precompiled user dll's ...
Registered in 0.003754 seconds.
Begin MonoManager ReloadAssembly
Native extension for WindowsStandalone target not found
Refreshing native plugins compatible for Editor in 0.55 ms, found 2 plugins.
Preloading 0 native plugins for Editor in 0.00 ms.
Mono: successfully reloaded assembly
- Completed reload, in  0.841 seconds
Platform modules already initialized, skipping
Refreshing native plugins compatible for Editor in 0.52 ms, found 2 plugins.
Preloading 0 native plugins for Editor in 0.00 ms.
Unloading 3367 Unused Serialized files (Serialized files now loaded: 0)
System memory in use before: 128.1 MB.
System memory in use after: 128.2 MB.

Unloading 17 unused Assets to reduce memory usage. Loaded Objects now: 3849.
Total: 3.828000 ms (FindLiveObjects: 0.402300 ms CreateObjectMapping: 0.300300 ms MarkObjects: 2.982300 ms  DeleteObjects: 0.141400 ms)

AssetImportWorkerClient::OnTransportError - code=2 error=End of file
